{"E:\\belajar\\JS\\osoora2\\osoora_final2\\server.js": {"path":"E:\\belajar\\JS\\osoora2\\osoora_final2\\server.js","statementMap":{"0":{"start":{"line":10,"column":0},"end":{"line":10,"column":16}},"1":{"start":{"line":12,"column":12},"end":{"line":12,"column":21}},"2":{"start":{"line":13,"column":13},"end":{"line":13,"column":37}},"3":{"start":{"line":17,"column":17},"end":{"line":17,"column":45}},"4":{"start":{"line":18,"column":17},"end":{"line":18,"column":45}},"5":{"start":{"line":19,"column":19},"end":{"line":19,"column":50}},"6":{"start":{"line":20,"column":15},"end":{"line":20,"column":58}},"7":{"start":{"line":21,"column":12},"end":{"line":21,"column":103}},"8":{"start":{"line":26,"column":2},"end":{"line":45,"column":3}},"9":{"start":{"line":28,"column":19},"end":{"line":37,"column":6}},"10":{"start":{"line":38,"column":4},"end":{"line":38,"column":27}},"11":{"start":{"line":39,"column":4},"end":{"line":39,"column":27}},"12":{"start":{"line":40,"column":4},"end":{"line":40,"column":81}},"13":{"start":{"line":41,"column":4},"end":{"line":41,"column":18}},"14":{"start":{"line":43,"column":4},"end":{"line":43,"column":60}},"15":{"start":{"line":44,"column":4},"end":{"line":44,"column":16}},"16":{"start":{"line":49,"column":23},"end":{"line":57,"column":17}},"17":{"start":{"line":59,"column":0},"end":{"line":74,"column":4}},"18":{"start":{"line":62,"column":4},"end":{"line":62,"column":45}},"19":{"start":{"line":62,"column":17},"end":{"line":62,"column":45}},"20":{"start":{"line":64,"column":4},"end":{"line":68,"column":5}},"21":{"start":{"line":65,"column":6},"end":{"line":65,"column":54}},"22":{"start":{"line":66,"column":6},"end":{"line":66,"column":45}},"23":{"start":{"line":67,"column":6},"end":{"line":67,"column":34}},"24":{"start":{"line":69,"column":4},"end":{"line":69,"column":32}},"25":{"start":{"line":76,"column":0},"end":{"line":76,"column":24}},"26":{"start":{"line":77,"column":0},"end":{"line":77,"column":29}},"27":{"start":{"line":80,"column":0},"end":{"line":83,"column":3}},"28":{"start":{"line":81,"column":2},"end":{"line":81,"column":80}},"29":{"start":{"line":82,"column":2},"end":{"line":82,"column":9}},"30":{"start":{"line":86,"column":26},"end":{"line":113,"column":1}},"31":{"start":{"line":87,"column":16},"end":{"line":87,"column":59}},"32":{"start":{"line":89,"column":2},"end":{"line":91,"column":3}},"33":{"start":{"line":90,"column":4},"end":{"line":90,"column":74}},"34":{"start":{"line":93,"column":2},"end":{"line":112,"column":3}},"35":{"start":{"line":95,"column":17},"end":{"line":95,"column":64}},"36":{"start":{"line":97,"column":4},"end":{"line":99,"column":5}},"37":{"start":{"line":98,"column":6},"end":{"line":98,"column":73}},"38":{"start":{"line":102,"column":4},"end":{"line":106,"column":6}},"39":{"start":{"line":108,"column":4},"end":{"line":108,"column":11}},"40":{"start":{"line":110,"column":4},"end":{"line":110,"column":50}},"41":{"start":{"line":111,"column":4},"end":{"line":111,"column":90}},"42":{"start":{"line":116,"column":0},"end":{"line":183,"column":3}},"43":{"start":{"line":117,"column":2},"end":{"line":182,"column":3}},"44":{"start":{"line":118,"column":42},"end":{"line":118,"column":50}},"45":{"start":{"line":121,"column":4},"end":{"line":123,"column":5}},"46":{"start":{"line":122,"column":6},"end":{"line":122,"column":72}},"47":{"start":{"line":126,"column":25},"end":{"line":128,"column":6}},"48":{"start":{"line":130,"column":4},"end":{"line":132,"column":5}},"49":{"start":{"line":131,"column":6},"end":{"line":131,"column":96}},"50":{"start":{"line":135,"column":17},"end":{"line":135,"column":41}},"51":{"start":{"line":136,"column":25},"end":{"line":136,"column":58}},"52":{"start":{"line":139,"column":19},"end":{"line":139,"column":27}},"53":{"start":{"line":140,"column":18},"end":{"line":140,"column":26}},"54":{"start":{"line":142,"column":20},"end":{"line":150,"column":5}},"55":{"start":{"line":153,"column":4},"end":{"line":153,"column":52}},"56":{"start":{"line":156,"column":25},"end":{"line":156,"column":33}},"57":{"start":{"line":157,"column":28},"end":{"line":164,"column":5}},"58":{"start":{"line":166,"column":4},"end":{"line":166,"column":71}},"59":{"start":{"line":169,"column":4},"end":{"line":177,"column":7}},"60":{"start":{"line":180,"column":4},"end":{"line":180,"column":48}},"61":{"start":{"line":181,"column":4},"end":{"line":181,"column":88}},"62":{"start":{"line":186,"column":0},"end":{"line":242,"column":3}},"63":{"start":{"line":187,"column":2},"end":{"line":241,"column":3}},"64":{"start":{"line":188,"column":32},"end":{"line":188,"column":40}},"65":{"start":{"line":191,"column":4},"end":{"line":193,"column":5}},"66":{"start":{"line":192,"column":6},"end":{"line":192,"column":74}},"67":{"start":{"line":196,"column":17},"end":{"line":196,"column":64}},"68":{"start":{"line":198,"column":4},"end":{"line":200,"column":5}},"69":{"start":{"line":199,"column":6},"end":{"line":199,"column":68}},"70":{"start":{"line":203,"column":26},"end":{"line":203,"column":76}},"71":{"start":{"line":205,"column":4},"end":{"line":207,"column":5}},"72":{"start":{"line":206,"column":6},"end":{"line":206,"column":68}},"73":{"start":{"line":210,"column":18},"end":{"line":210,"column":26}},"74":{"start":{"line":213,"column":4},"end":{"line":221,"column":6}},"75":{"start":{"line":224,"column":24},"end":{"line":224,"column":98}},"76":{"start":{"line":227,"column":4},"end":{"line":236,"column":7}},"77":{"start":{"line":239,"column":4},"end":{"line":239,"column":41}},"78":{"start":{"line":240,"column":4},"end":{"line":240,"column":81}},"79":{"start":{"line":245,"column":0},"end":{"line":262,"column":3}},"80":{"start":{"line":246,"column":2},"end":{"line":261,"column":3}},"81":{"start":{"line":247,"column":19},"end":{"line":247,"column":30}},"82":{"start":{"line":250,"column":24},"end":{"line":250,"column":92}},"83":{"start":{"line":252,"column":4},"end":{"line":254,"column":5}},"84":{"start":{"line":253,"column":6},"end":{"line":253,"column":75}},"85":{"start":{"line":256,"column":4},"end":{"line":256,"column":45}},"86":{"start":{"line":259,"column":4},"end":{"line":259,"column":60}},"87":{"start":{"line":260,"column":4},"end":{"line":260,"column":68}},"88":{"start":{"line":264,"column":0},"end":{"line":305,"column":3}},"89":{"start":{"line":265,"column":2},"end":{"line":304,"column":3}},"90":{"start":{"line":266,"column":19},"end":{"line":266,"column":30}},"91":{"start":{"line":267,"column":48},"end":{"line":267,"column":56}},"92":{"start":{"line":270,"column":25},"end":{"line":270,"column":27}},"93":{"start":{"line":271,"column":4},"end":{"line":271,"column":56}},"94":{"start":{"line":271,"column":29},"end":{"line":271,"column":56}},"95":{"start":{"line":272,"column":4},"end":{"line":272,"column":113}},"96":{"start":{"line":272,"column":48},"end":{"line":272,"column":113}},"97":{"start":{"line":273,"column":4},"end":{"line":273,"column":41}},"98":{"start":{"line":276,"column":19},"end":{"line":279,"column":5}},"99":{"start":{"line":281,"column":4},"end":{"line":295,"column":5}},"100":{"start":{"line":283,"column":27},"end":{"line":283,"column":35}},"101":{"start":{"line":284,"column":29},"end":{"line":291,"column":7}},"102":{"start":{"line":293,"column":6},"end":{"line":293,"column":72}},"103":{"start":{"line":294,"column":6},"end":{"line":294,"column":50}},"104":{"start":{"line":298,"column":31},"end":{"line":298,"column":99}},"105":{"start":{"line":299,"column":4},"end":{"line":299,"column":52}},"106":{"start":{"line":302,"column":4},"end":{"line":302,"column":61}},"107":{"start":{"line":303,"column":4},"end":{"line":303,"column":68}},"108":{"start":{"line":308,"column":0},"end":{"line":324,"column":3}},"109":{"start":{"line":309,"column":2},"end":{"line":323,"column":3}},"110":{"start":{"line":310,"column":19},"end":{"line":310,"column":30}},"111":{"start":{"line":313,"column":26},"end":{"line":316,"column":16}},"112":{"start":{"line":318,"column":4},"end":{"line":318,"column":47}},"113":{"start":{"line":321,"column":4},"end":{"line":321,"column":57}},"114":{"start":{"line":322,"column":4},"end":{"line":322,"column":68}},"115":{"start":{"line":327,"column":0},"end":{"line":349,"column":3}},"116":{"start":{"line":328,"column":2},"end":{"line":348,"column":3}},"117":{"start":{"line":329,"column":19},"end":{"line":329,"column":30}},"118":{"start":{"line":332,"column":24},"end":{"line":332,"column":92}},"119":{"start":{"line":335,"column":4},"end":{"line":341,"column":5}},"120":{"start":{"line":336,"column":6},"end":{"line":340,"column":9}},"121":{"start":{"line":343,"column":4},"end":{"line":343,"column":45}},"122":{"start":{"line":346,"column":4},"end":{"line":346,"column":61}},"123":{"start":{"line":347,"column":4},"end":{"line":347,"column":68}},"124":{"start":{"line":351,"column":0},"end":{"line":387,"column":3}},"125":{"start":{"line":352,"column":2},"end":{"line":386,"column":3}},"126":{"start":{"line":353,"column":19},"end":{"line":353,"column":30}},"127":{"start":{"line":354,"column":31},"end":{"line":354,"column":39}},"128":{"start":{"line":357,"column":27},"end":{"line":357,"column":35}},"129":{"start":{"line":358,"column":28},"end":{"line":365,"column":5}},"130":{"start":{"line":367,"column":4},"end":{"line":367,"column":68}},"131":{"start":{"line":370,"column":4},"end":{"line":379,"column":6}},"132":{"start":{"line":381,"column":4},"end":{"line":381,"column":49}},"133":{"start":{"line":384,"column":4},"end":{"line":384,"column":57}},"134":{"start":{"line":385,"column":4},"end":{"line":385,"column":68}},"135":{"start":{"line":389,"column":0},"end":{"line":416,"column":3}},"136":{"start":{"line":390,"column":2},"end":{"line":415,"column":3}},"137":{"start":{"line":391,"column":19},"end":{"line":391,"column":30}},"138":{"start":{"line":392,"column":31},"end":{"line":392,"column":41}},"139":{"start":{"line":395,"column":25},"end":{"line":398,"column":6}},"140":{"start":{"line":400,"column":4},"end":{"line":402,"column":5}},"141":{"start":{"line":401,"column":6},"end":{"line":401,"column":83}},"142":{"start":{"line":405,"column":21},"end":{"line":408,"column":16}},"143":{"start":{"line":410,"column":4},"end":{"line":410,"column":42}},"144":{"start":{"line":413,"column":4},"end":{"line":413,"column":52}},"145":{"start":{"line":414,"column":4},"end":{"line":414,"column":68}},"146":{"start":{"line":419,"column":0},"end":{"line":442,"column":3}},"147":{"start":{"line":420,"column":2},"end":{"line":441,"column":3}},"148":{"start":{"line":421,"column":19},"end":{"line":421,"column":30}},"149":{"start":{"line":423,"column":4},"end":{"line":423,"column":66}},"150":{"start":{"line":426,"column":25},"end":{"line":428,"column":6}},"151":{"start":{"line":430,"column":4},"end":{"line":430,"column":48}},"152":{"start":{"line":433,"column":4},"end":{"line":436,"column":7}},"153":{"start":{"line":439,"column":4},"end":{"line":439,"column":58}},"154":{"start":{"line":440,"column":4},"end":{"line":440,"column":77}},"155":{"start":{"line":444,"column":0},"end":{"line":489,"column":3}},"156":{"start":{"line":445,"column":2},"end":{"line":488,"column":3}},"157":{"start":{"line":446,"column":19},"end":{"line":446,"column":30}},"158":{"start":{"line":447,"column":31},"end":{"line":447,"column":41}},"159":{"start":{"line":448,"column":30},"end":{"line":448,"column":38}},"160":{"start":{"line":451,"column":25},"end":{"line":454,"column":6}},"161":{"start":{"line":456,"column":4},"end":{"line":458,"column":5}},"162":{"start":{"line":457,"column":6},"end":{"line":457,"column":83}},"163":{"start":{"line":461,"column":22},"end":{"line":461,"column":30}},"164":{"start":{"line":462,"column":23},"end":{"line":468,"column":5}},"165":{"start":{"line":470,"column":4},"end":{"line":470,"column":58}},"166":{"start":{"line":473,"column":4},"end":{"line":481,"column":6}},"167":{"start":{"line":483,"column":4},"end":{"line":483,"column":44}},"168":{"start":{"line":486,"column":4},"end":{"line":486,"column":52}},"169":{"start":{"line":487,"column":4},"end":{"line":487,"column":68}},"170":{"start":{"line":492,"column":0},"end":{"line":554,"column":3}},"171":{"start":{"line":493,"column":2},"end":{"line":553,"column":3}},"172":{"start":{"line":494,"column":19},"end":{"line":494,"column":30}},"173":{"start":{"line":495,"column":57},"end":{"line":495,"column":65}},"174":{"start":{"line":498,"column":17},"end":{"line":498,"column":74}},"175":{"start":{"line":500,"column":4},"end":{"line":502,"column":5}},"176":{"start":{"line":501,"column":6},"end":{"line":501,"column":63}},"177":{"start":{"line":505,"column":25},"end":{"line":505,"column":27}},"178":{"start":{"line":508,"column":4},"end":{"line":515,"column":5}},"179":{"start":{"line":510,"column":27},"end":{"line":510,"column":77}},"180":{"start":{"line":511,"column":6},"end":{"line":513,"column":7}},"181":{"start":{"line":512,"column":8},"end":{"line":512,"column":74}},"182":{"start":{"line":514,"column":6},"end":{"line":514,"column":39}},"183":{"start":{"line":518,"column":4},"end":{"line":529,"column":5}},"184":{"start":{"line":520,"column":28},"end":{"line":520,"column":86}},"185":{"start":{"line":522,"column":6},"end":{"line":524,"column":7}},"186":{"start":{"line":523,"column":8},"end":{"line":523,"column":80}},"187":{"start":{"line":527,"column":19},"end":{"line":527,"column":43}},"188":{"start":{"line":528,"column":6},"end":{"line":528,"column":73}},"189":{"start":{"line":532,"column":4},"end":{"line":537,"column":5}},"190":{"start":{"line":533,"column":6},"end":{"line":536,"column":8}},"191":{"start":{"line":540,"column":24},"end":{"line":543,"column":5}},"192":{"start":{"line":545,"column":4},"end":{"line":548,"column":7}},"193":{"start":{"line":551,"column":4},"end":{"line":551,"column":52}},"194":{"start":{"line":552,"column":4},"end":{"line":552,"column":68}},"195":{"start":{"line":557,"column":0},"end":{"line":858,"column":3}},"196":{"start":{"line":558,"column":4},"end":{"line":857,"column":5}},"197":{"start":{"line":559,"column":42},"end":{"line":559,"column":50}},"198":{"start":{"line":562,"column":8},"end":{"line":562,"column":59}},"199":{"start":{"line":563,"column":8},"end":{"line":563,"column":51}},"200":{"start":{"line":564,"column":8},"end":{"line":564,"column":50}},"201":{"start":{"line":567,"column":8},"end":{"line":591,"column":9}},"202":{"start":{"line":568,"column":12},"end":{"line":590,"column":13}},"203":{"start":{"line":569,"column":42},"end":{"line":569,"column":50}},"204":{"start":{"line":570,"column":31},"end":{"line":570,"column":68}},"205":{"start":{"line":572,"column":40},"end":{"line":582,"column":17}},"206":{"start":{"line":584,"column":16},"end":{"line":584,"column":80}},"207":{"start":{"line":585,"column":16},"end":{"line":585,"column":86}},"208":{"start":{"line":586,"column":16},"end":{"line":586,"column":51}},"209":{"start":{"line":588,"column":16},"end":{"line":588,"column":75}},"210":{"start":{"line":594,"column":29},"end":{"line":594,"column":54}},"211":{"start":{"line":595,"column":8},"end":{"line":597,"column":9}},"212":{"start":{"line":596,"column":12},"end":{"line":596,"column":70}},"213":{"start":{"line":600,"column":23},"end":{"line":600,"column":52}},"214":{"start":{"line":601,"column":8},"end":{"line":603,"column":9}},"215":{"start":{"line":602,"column":12},"end":{"line":602,"column":57}},"216":{"start":{"line":608,"column":32},"end":{"line":608,"column":199}},"217":{"start":{"line":611,"column":8},"end":{"line":615,"column":11}},"218":{"start":{"line":617,"column":32},"end":{"line":617,"column":36}},"219":{"start":{"line":620,"column":8},"end":{"line":631,"column":9}},"220":{"start":{"line":621,"column":12},"end":{"line":630,"column":13}},"221":{"start":{"line":623,"column":37},"end":{"line":623,"column":118}},"222":{"start":{"line":624,"column":16},"end":{"line":627,"column":17}},"223":{"start":{"line":625,"column":20},"end":{"line":625,"column":74}},"224":{"start":{"line":626,"column":20},"end":{"line":626,"column":119}},"225":{"start":{"line":629,"column":16},"end":{"line":629,"column":89}},"226":{"start":{"line":634,"column":28},"end":{"line":657,"column":9}},"227":{"start":{"line":656,"column":38},"end":{"line":656,"column":50}},"228":{"start":{"line":659,"column":25},"end":{"line":659,"column":49}},"229":{"start":{"line":661,"column":21},"end":{"line":661,"column":23}},"230":{"start":{"line":662,"column":32},"end":{"line":662,"column":34}},"231":{"start":{"line":665,"column":8},"end":{"line":803,"column":15}},"232":{"start":{"line":666,"column":12},"end":{"line":802,"column":15}},"233":{"start":{"line":667,"column":16},"end":{"line":667,"column":43}},"234":{"start":{"line":671,"column":16},"end":{"line":799,"column":17}},"235":{"start":{"line":672,"column":34},"end":{"line":672,"column":63}},"236":{"start":{"line":673,"column":20},"end":{"line":673,"column":60}},"237":{"start":{"line":676,"column":34},"end":{"line":676,"column":51}},"238":{"start":{"line":678,"column":20},"end":{"line":798,"column":21}},"239":{"start":{"line":679,"column":24},"end":{"line":797,"column":25}},"240":{"start":{"line":680,"column":44},"end":{"line":680,"column":64}},"241":{"start":{"line":681,"column":28},"end":{"line":796,"column":29}},"242":{"start":{"line":682,"column":32},"end":{"line":795,"column":33}},"243":{"start":{"line":683,"column":53},"end":{"line":683,"column":72}},"244":{"start":{"line":684,"column":36},"end":{"line":711,"column":37}},"245":{"start":{"line":685,"column":60},"end":{"line":685,"column":80}},"246":{"start":{"line":687,"column":40},"end":{"line":709,"column":41}},"247":{"start":{"line":688,"column":60},"end":{"line":688,"column":103}},"248":{"start":{"line":689,"column":66},"end":{"line":695,"column":45}},"249":{"start":{"line":696,"column":44},"end":{"line":696,"column":100}},"250":{"start":{"line":697,"column":44},"end":{"line":697,"column":76}},"251":{"start":{"line":698,"column":47},"end":{"line":709,"column":41}},"252":{"start":{"line":700,"column":66},"end":{"line":706,"column":45}},"253":{"start":{"line":707,"column":44},"end":{"line":707,"column":100}},"254":{"start":{"line":708,"column":44},"end":{"line":708,"column":76}},"255":{"start":{"line":712,"column":54},"end":{"line":712,"column":80}},"256":{"start":{"line":713,"column":36},"end":{"line":718,"column":39}},"257":{"start":{"line":721,"column":36},"end":{"line":788,"column":37}},"258":{"start":{"line":722,"column":40},"end":{"line":787,"column":45}},"259":{"start":{"line":723,"column":44},"end":{"line":786,"column":45}},"260":{"start":{"line":725,"column":48},"end":{"line":725,"column":127}},"261":{"start":{"line":726,"column":69},"end":{"line":726,"column":150}},"262":{"start":{"line":727,"column":48},"end":{"line":727,"column":106}},"263":{"start":{"line":730,"column":48},"end":{"line":748,"column":49}},"264":{"start":{"line":731,"column":52},"end":{"line":731,"column":153}},"265":{"start":{"line":732,"column":67},"end":{"line":732,"column":104}},"266":{"start":{"line":735,"column":76},"end":{"line":744,"column":53}},"267":{"start":{"line":746,"column":52},"end":{"line":746,"column":116}},"268":{"start":{"line":747,"column":52},"end":{"line":747,"column":119}},"269":{"start":{"line":751,"column":69},"end":{"line":777,"column":49}},"270":{"start":{"line":778,"column":48},"end":{"line":783,"column":51}},"271":{"start":{"line":785,"column":48},"end":{"line":785,"column":119}},"272":{"start":{"line":794,"column":36},"end":{"line":794,"column":76}},"273":{"start":{"line":801,"column":16},"end":{"line":801,"column":60}},"274":{"start":{"line":805,"column":12},"end":{"line":808,"column":11}},"275":{"start":{"line":806,"column":14},"end":{"line":806,"column":44}},"276":{"start":{"line":807,"column":14},"end":{"line":807,"column":24}},"277":{"start":{"line":810,"column":8},"end":{"line":814,"column":11}},"278":{"start":{"line":811,"column":12},"end":{"line":811,"column":50}},"279":{"start":{"line":812,"column":12},"end":{"line":812,"column":79}},"280":{"start":{"line":813,"column":12},"end":{"line":813,"column":22}},"281":{"start":{"line":818,"column":8},"end":{"line":827,"column":9}},"282":{"start":{"line":819,"column":12},"end":{"line":819,"column":59}},"283":{"start":{"line":820,"column":12},"end":{"line":820,"column":103}},"284":{"start":{"line":821,"column":15},"end":{"line":827,"column":9}},"285":{"start":{"line":822,"column":12},"end":{"line":822,"column":92}},"286":{"start":{"line":823,"column":12},"end":{"line":823,"column":65}},"287":{"start":{"line":825,"column":12},"end":{"line":825,"column":80}},"288":{"start":{"line":826,"column":12},"end":{"line":826,"column":51}},"289":{"start":{"line":830,"column":8},"end":{"line":856,"column":9}},"290":{"start":{"line":832,"column":30},"end":{"line":836,"column":13}},"291":{"start":{"line":837,"column":35},"end":{"line":843,"column":13}},"292":{"start":{"line":846,"column":12},"end":{"line":846,"column":69}},"293":{"start":{"line":847,"column":12},"end":{"line":847,"column":42}},"294":{"start":{"line":848,"column":12},"end":{"line":848,"column":22}},"295":{"start":{"line":851,"column":12},"end":{"line":855,"column":15}},"296":{"start":{"line":863,"column":4},"end":{"line":901,"column":5}},"297":{"start":{"line":865,"column":20},"end":{"line":865,"column":45}},"298":{"start":{"line":866,"column":8},"end":{"line":869,"column":9}},"299":{"start":{"line":867,"column":12},"end":{"line":867,"column":86}},"300":{"start":{"line":868,"column":12},"end":{"line":868,"column":28}},"301":{"start":{"line":871,"column":8},"end":{"line":878,"column":9}},"302":{"start":{"line":873,"column":12},"end":{"line":873,"column":25}},"303":{"start":{"line":875,"column":12},"end":{"line":875,"column":89}},"304":{"start":{"line":876,"column":12},"end":{"line":876,"column":81}},"305":{"start":{"line":877,"column":12},"end":{"line":877,"column":28}},"306":{"start":{"line":880,"column":8},"end":{"line":880,"column":47}},"307":{"start":{"line":882,"column":23},"end":{"line":884,"column":10}},"308":{"start":{"line":883,"column":12},"end":{"line":883,"column":70}},"309":{"start":{"line":887,"column":8},"end":{"line":895,"column":11}},"310":{"start":{"line":888,"column":12},"end":{"line":888,"column":27}},"311":{"start":{"line":890,"column":12},"end":{"line":892,"column":13}},"312":{"start":{"line":891,"column":16},"end":{"line":891,"column":42}},"313":{"start":{"line":894,"column":12},"end":{"line":894,"column":28}},"314":{"start":{"line":898,"column":8},"end":{"line":898,"column":56}},"315":{"start":{"line":899,"column":8},"end":{"line":899,"column":51}},"316":{"start":{"line":899,"column":25},"end":{"line":899,"column":51}},"317":{"start":{"line":900,"column":8},"end":{"line":900,"column":24}},"318":{"start":{"line":904,"column":0},"end":{"line":906,"column":1}},"319":{"start":{"line":905,"column":2},"end":{"line":905,"column":16}}},"fnMap":{"0":{"name":"connectToMongoDB","decl":{"start":{"line":25,"column":15},"end":{"line":25,"column":31}},"loc":{"start":{"line":25,"column":34},"end":{"line":46,"column":1}},"line":25},"1":{"name":"(anonymous_1)","decl":{"start":{"line":60,"column":10},"end":{"line":60,"column":11}},"loc":{"start":{"line":60,"column":37},"end":{"line":70,"column":3}},"line":60},"2":{"name":"(anonymous_2)","decl":{"start":{"line":80,"column":8},"end":{"line":80,"column":9}},"loc":{"start":{"line":80,"column":28},"end":{"line":83,"column":1}},"line":80},"3":{"name":"(anonymous_3)","decl":{"start":{"line":86,"column":26},"end":{"line":86,"column":27}},"loc":{"start":{"line":86,"column":52},"end":{"line":113,"column":1}},"line":86},"4":{"name":"(anonymous_4)","decl":{"start":{"line":116,"column":31},"end":{"line":116,"column":32}},"loc":{"start":{"line":116,"column":51},"end":{"line":183,"column":1}},"line":116},"5":{"name":"(anonymous_5)","decl":{"start":{"line":186,"column":28},"end":{"line":186,"column":29}},"loc":{"start":{"line":186,"column":48},"end":{"line":242,"column":1}},"line":186},"6":{"name":"(anonymous_6)","decl":{"start":{"line":245,"column":52},"end":{"line":245,"column":53}},"loc":{"start":{"line":245,"column":72},"end":{"line":262,"column":1}},"line":245},"7":{"name":"(anonymous_7)","decl":{"start":{"line":264,"column":52},"end":{"line":264,"column":53}},"loc":{"start":{"line":264,"column":72},"end":{"line":305,"column":1}},"line":264},"8":{"name":"(anonymous_8)","decl":{"start":{"line":308,"column":49},"end":{"line":308,"column":50}},"loc":{"start":{"line":308,"column":69},"end":{"line":324,"column":1}},"line":308},"9":{"name":"(anonymous_9)","decl":{"start":{"line":327,"column":52},"end":{"line":327,"column":53}},"loc":{"start":{"line":327,"column":72},"end":{"line":349,"column":1}},"line":327},"10":{"name":"(anonymous_10)","decl":{"start":{"line":351,"column":50},"end":{"line":351,"column":51}},"loc":{"start":{"line":351,"column":70},"end":{"line":387,"column":1}},"line":351},"11":{"name":"(anonymous_11)","decl":{"start":{"line":389,"column":74},"end":{"line":389,"column":75}},"loc":{"start":{"line":389,"column":94},"end":{"line":416,"column":1}},"line":389},"12":{"name":"(anonymous_12)","decl":{"start":{"line":419,"column":58},"end":{"line":419,"column":59}},"loc":{"start":{"line":419,"column":78},"end":{"line":442,"column":1}},"line":419},"13":{"name":"(anonymous_13)","decl":{"start":{"line":444,"column":75},"end":{"line":444,"column":76}},"loc":{"start":{"line":444,"column":95},"end":{"line":489,"column":1}},"line":444},"14":{"name":"(anonymous_14)","decl":{"start":{"line":492,"column":48},"end":{"line":492,"column":49}},"loc":{"start":{"line":492,"column":68},"end":{"line":554,"column":1}},"line":492},"15":{"name":"(anonymous_15)","decl":{"start":{"line":557,"column":22},"end":{"line":557,"column":23}},"loc":{"start":{"line":557,"column":42},"end":{"line":858,"column":1}},"line":557},"16":{"name":"(anonymous_16)","decl":{"start":{"line":656,"column":28},"end":{"line":656,"column":29}},"loc":{"start":{"line":656,"column":38},"end":{"line":656,"column":50}},"line":656},"17":{"name":"(anonymous_17)","decl":{"start":{"line":665,"column":33},"end":{"line":665,"column":34}},"loc":{"start":{"line":665,"column":44},"end":{"line":803,"column":13}},"line":665},"18":{"name":"(anonymous_18)","decl":{"start":{"line":722,"column":41},"end":{"line":722,"column":42}},"loc":{"start":{"line":722,"column":53},"end":{"line":787,"column":41}},"line":722},"19":{"name":"(anonymous_19)","decl":{"start":{"line":805,"column":36},"end":{"line":805,"column":37}},"loc":{"start":{"line":805,"column":42},"end":{"line":808,"column":9}},"line":805},"20":{"name":"(anonymous_20)","decl":{"start":{"line":810,"column":34},"end":{"line":810,"column":35}},"loc":{"start":{"line":810,"column":45},"end":{"line":814,"column":9}},"line":810},"21":{"name":"startServer","decl":{"start":{"line":861,"column":15},"end":{"line":861,"column":26}},"loc":{"start":{"line":861,"column":29},"end":{"line":902,"column":1}},"line":861},"22":{"name":"(anonymous_22)","decl":{"start":{"line":882,"column":40},"end":{"line":882,"column":41}},"loc":{"start":{"line":882,"column":46},"end":{"line":884,"column":9}},"line":882},"23":{"name":"(anonymous_23)","decl":{"start":{"line":887,"column":29},"end":{"line":887,"column":30}},"loc":{"start":{"line":887,"column":41},"end":{"line":895,"column":9}},"line":887}},"branchMap":{"0":{"loc":{"start":{"line":13,"column":13},"end":{"line":13,"column":37}},"type":"binary-expr","locations":[{"start":{"line":13,"column":13},"end":{"line":13,"column":29}},{"start":{"line":13,"column":33},"end":{"line":13,"column":37}}],"line":13},"1":{"loc":{"start":{"line":20,"column":15},"end":{"line":20,"column":58}},"type":"binary-expr","locations":[{"start":{"line":20,"column":15},"end":{"line":20,"column":43}},{"start":{"line":20,"column":47},"end":{"line":20,"column":58}}],"line":20},"2":{"loc":{"start":{"line":62,"column":4},"end":{"line":62,"column":45}},"type":"if","locations":[{"start":{"line":62,"column":4},"end":{"line":62,"column":45}},{"start":{},"end":{}}],"line":62},"3":{"loc":{"start":{"line":64,"column":4},"end":{"line":68,"column":5}},"type":"if","locations":[{"start":{"line":64,"column":4},"end":{"line":68,"column":5}},{"start":{},"end":{}}],"line":64},"4":{"loc":{"start":{"line":89,"column":2},"end":{"line":91,"column":3}},"type":"if","locations":[{"start":{"line":89,"column":2},"end":{"line":91,"column":3}},{"start":{},"end":{}}],"line":89},"5":{"loc":{"start":{"line":97,"column":4},"end":{"line":99,"column":5}},"type":"if","locations":[{"start":{"line":97,"column":4},"end":{"line":99,"column":5}},{"start":{},"end":{}}],"line":97},"6":{"loc":{"start":{"line":121,"column":4},"end":{"line":123,"column":5}},"type":"if","locations":[{"start":{"line":121,"column":4},"end":{"line":123,"column":5}},{"start":{},"end":{}}],"line":121},"7":{"loc":{"start":{"line":121,"column":8},"end":{"line":121,"column":40}},"type":"binary-expr","locations":[{"start":{"line":121,"column":8},"end":{"line":121,"column":17}},{"start":{"line":121,"column":21},"end":{"line":121,"column":27}},{"start":{"line":121,"column":31},"end":{"line":121,"column":40}}],"line":121},"8":{"loc":{"start":{"line":130,"column":4},"end":{"line":132,"column":5}},"type":"if","locations":[{"start":{"line":130,"column":4},"end":{"line":132,"column":5}},{"start":{},"end":{}}],"line":130},"9":{"loc":{"start":{"line":191,"column":4},"end":{"line":193,"column":5}},"type":"if","locations":[{"start":{"line":191,"column":4},"end":{"line":193,"column":5}},{"start":{},"end":{}}],"line":191},"10":{"loc":{"start":{"line":191,"column":8},"end":{"line":191,"column":27}},"type":"binary-expr","locations":[{"start":{"line":191,"column":8},"end":{"line":191,"column":14}},{"start":{"line":191,"column":18},"end":{"line":191,"column":27}}],"line":191},"11":{"loc":{"start":{"line":198,"column":4},"end":{"line":200,"column":5}},"type":"if","locations":[{"start":{"line":198,"column":4},"end":{"line":200,"column":5}},{"start":{},"end":{}}],"line":198},"12":{"loc":{"start":{"line":205,"column":4},"end":{"line":207,"column":5}},"type":"if","locations":[{"start":{"line":205,"column":4},"end":{"line":207,"column":5}},{"start":{},"end":{}}],"line":205},"13":{"loc":{"start":{"line":234,"column":21},"end":{"line":234,"column":55}},"type":"binary-expr","locations":[{"start":{"line":234,"column":21},"end":{"line":234,"column":32}},{"start":{"line":234,"column":36},"end":{"line":234,"column":55}}],"line":234},"14":{"loc":{"start":{"line":252,"column":4},"end":{"line":254,"column":5}},"type":"if","locations":[{"start":{"line":252,"column":4},"end":{"line":254,"column":5}},{"start":{},"end":{}}],"line":252},"15":{"loc":{"start":{"line":271,"column":4},"end":{"line":271,"column":56}},"type":"if","locations":[{"start":{"line":271,"column":4},"end":{"line":271,"column":56}},{"start":{},"end":{}}],"line":271},"16":{"loc":{"start":{"line":272,"column":4},"end":{"line":272,"column":113}},"type":"if","locations":[{"start":{"line":272,"column":4},"end":{"line":272,"column":113}},{"start":{},"end":{}}],"line":272},"17":{"loc":{"start":{"line":281,"column":4},"end":{"line":295,"column":5}},"type":"if","locations":[{"start":{"line":281,"column":4},"end":{"line":295,"column":5}},{"start":{},"end":{}}],"line":281},"18":{"loc":{"start":{"line":287,"column":15},"end":{"line":287,"column":32}},"type":"binary-expr","locations":[{"start":{"line":287,"column":15},"end":{"line":287,"column":20}},{"start":{"line":287,"column":24},"end":{"line":287,"column":32}}],"line":287},"19":{"loc":{"start":{"line":288,"column":34},"end":{"line":288,"column":66}},"type":"binary-expr","locations":[{"start":{"line":288,"column":34},"end":{"line":288,"column":58}},{"start":{"line":288,"column":62},"end":{"line":288,"column":66}}],"line":288},"20":{"loc":{"start":{"line":335,"column":4},"end":{"line":341,"column":5}},"type":"if","locations":[{"start":{"line":335,"column":4},"end":{"line":341,"column":5}},{"start":{},"end":{}}],"line":335},"21":{"loc":{"start":{"line":361,"column":13},"end":{"line":361,"column":40}},"type":"binary-expr","locations":[{"start":{"line":361,"column":13},"end":{"line":361,"column":18}},{"start":{"line":361,"column":22},"end":{"line":361,"column":40}}],"line":361},"22":{"loc":{"start":{"line":362,"column":15},"end":{"line":362,"column":28}},"type":"binary-expr","locations":[{"start":{"line":362,"column":15},"end":{"line":362,"column":22}},{"start":{"line":362,"column":26},"end":{"line":362,"column":28}}],"line":362},"23":{"loc":{"start":{"line":400,"column":4},"end":{"line":402,"column":5}},"type":"if","locations":[{"start":{"line":400,"column":4},"end":{"line":402,"column":5}},{"start":{},"end":{}}],"line":400},"24":{"loc":{"start":{"line":456,"column":4},"end":{"line":458,"column":5}},"type":"if","locations":[{"start":{"line":456,"column":4},"end":{"line":458,"column":5}},{"start":{},"end":{}}],"line":456},"25":{"loc":{"start":{"line":467,"column":12},"end":{"line":467,"column":26}},"type":"binary-expr","locations":[{"start":{"line":467,"column":12},"end":{"line":467,"column":16}},{"start":{"line":467,"column":20},"end":{"line":467,"column":26}}],"line":467},"26":{"loc":{"start":{"line":477,"column":48},"end":{"line":477,"column":81}},"type":"cond-expr","locations":[{"start":{"line":477,"column":71},"end":{"line":477,"column":76}},{"start":{"line":477,"column":79},"end":{"line":477,"column":81}}],"line":477},"27":{"loc":{"start":{"line":500,"column":4},"end":{"line":502,"column":5}},"type":"if","locations":[{"start":{"line":500,"column":4},"end":{"line":502,"column":5}},{"start":{},"end":{}}],"line":500},"28":{"loc":{"start":{"line":508,"column":4},"end":{"line":515,"column":5}},"type":"if","locations":[{"start":{"line":508,"column":4},"end":{"line":515,"column":5}},{"start":{},"end":{}}],"line":508},"29":{"loc":{"start":{"line":508,"column":8},"end":{"line":508,"column":46}},"type":"binary-expr","locations":[{"start":{"line":508,"column":8},"end":{"line":508,"column":16}},{"start":{"line":508,"column":20},"end":{"line":508,"column":46}}],"line":508},"30":{"loc":{"start":{"line":511,"column":6},"end":{"line":513,"column":7}},"type":"if","locations":[{"start":{"line":511,"column":6},"end":{"line":513,"column":7}},{"start":{},"end":{}}],"line":511},"31":{"loc":{"start":{"line":511,"column":10},"end":{"line":511,"column":57}},"type":"binary-expr","locations":[{"start":{"line":511,"column":10},"end":{"line":511,"column":22}},{"start":{"line":511,"column":26},"end":{"line":511,"column":57}}],"line":511},"32":{"loc":{"start":{"line":518,"column":4},"end":{"line":529,"column":5}},"type":"if","locations":[{"start":{"line":518,"column":4},"end":{"line":529,"column":5}},{"start":{},"end":{}}],"line":518},"33":{"loc":{"start":{"line":518,"column":8},"end":{"line":518,"column":40}},"type":"binary-expr","locations":[{"start":{"line":518,"column":8},"end":{"line":518,"column":24}},{"start":{"line":518,"column":28},"end":{"line":518,"column":40}}],"line":518},"34":{"loc":{"start":{"line":522,"column":6},"end":{"line":524,"column":7}},"type":"if","locations":[{"start":{"line":522,"column":6},"end":{"line":524,"column":7}},{"start":{},"end":{}}],"line":522},"35":{"loc":{"start":{"line":532,"column":4},"end":{"line":537,"column":5}},"type":"if","locations":[{"start":{"line":532,"column":4},"end":{"line":537,"column":5}},{"start":{},"end":{}}],"line":532},"36":{"loc":{"start":{"line":567,"column":8},"end":{"line":591,"column":9}},"type":"if","locations":[{"start":{"line":567,"column":8},"end":{"line":591,"column":9}},{"start":{},"end":{}}],"line":567},"37":{"loc":{"start":{"line":570,"column":31},"end":{"line":570,"column":68}},"type":"binary-expr","locations":[{"start":{"line":570,"column":31},"end":{"line":570,"column":53}},{"start":{"line":570,"column":57},"end":{"line":570,"column":68}}],"line":570},"38":{"loc":{"start":{"line":595,"column":8},"end":{"line":597,"column":9}},"type":"if","locations":[{"start":{"line":595,"column":8},"end":{"line":597,"column":9}},{"start":{},"end":{}}],"line":595},"39":{"loc":{"start":{"line":595,"column":12},"end":{"line":595,"column":61}},"type":"binary-expr","locations":[{"start":{"line":595,"column":12},"end":{"line":595,"column":25}},{"start":{"line":595,"column":29},"end":{"line":595,"column":61}}],"line":595},"40":{"loc":{"start":{"line":601,"column":8},"end":{"line":603,"column":9}},"type":"if","locations":[{"start":{"line":601,"column":8},"end":{"line":603,"column":9}},{"start":{},"end":{}}],"line":601},"41":{"loc":{"start":{"line":613,"column":28},"end":{"line":613,"column":52}},"type":"binary-expr","locations":[{"start":{"line":613,"column":28},"end":{"line":613,"column":42}},{"start":{"line":613,"column":46},"end":{"line":613,"column":52}}],"line":613},"42":{"loc":{"start":{"line":620,"column":8},"end":{"line":631,"column":9}},"type":"if","locations":[{"start":{"line":620,"column":8},"end":{"line":631,"column":9}},{"start":{},"end":{}}],"line":620},"43":{"loc":{"start":{"line":624,"column":16},"end":{"line":627,"column":17}},"type":"if","locations":[{"start":{"line":624,"column":16},"end":{"line":627,"column":17}},{"start":{},"end":{}}],"line":624},"44":{"loc":{"start":{"line":624,"column":20},"end":{"line":624,"column":69}},"type":"binary-expr","locations":[{"start":{"line":624,"column":20},"end":{"line":624,"column":32}},{"start":{"line":624,"column":36},"end":{"line":624,"column":69}}],"line":624},"45":{"loc":{"start":{"line":641,"column":24},"end":{"line":641,"column":78}},"type":"binary-expr","locations":[{"start":{"line":641,"column":24},"end":{"line":641,"column":41}},{"start":{"line":641,"column":45},"end":{"line":641,"column":78}}],"line":641},"46":{"loc":{"start":{"line":645,"column":23},"end":{"line":646,"column":75}},"type":"cond-expr","locations":[{"start":{"line":645,"column":43},"end":{"line":645,"column":76}},{"start":{"line":646,"column":23},"end":{"line":646,"column":75}}],"line":645},"47":{"loc":{"start":{"line":646,"column":23},"end":{"line":646,"column":75}},"type":"cond-expr","locations":[{"start":{"line":646,"column":40},"end":{"line":646,"column":70}},{"start":{"line":646,"column":73},"end":{"line":646,"column":75}}],"line":646},"48":{"loc":{"start":{"line":679,"column":24},"end":{"line":797,"column":25}},"type":"if","locations":[{"start":{"line":679,"column":24},"end":{"line":797,"column":25}},{"start":{},"end":{}}],"line":679},"49":{"loc":{"start":{"line":681,"column":28},"end":{"line":796,"column":29}},"type":"if","locations":[{"start":{"line":681,"column":28},"end":{"line":796,"column":29}},{"start":{},"end":{}}],"line":681},"50":{"loc":{"start":{"line":681,"column":32},"end":{"line":681,"column":63}},"type":"binary-expr","locations":[{"start":{"line":681,"column":32},"end":{"line":681,"column":39}},{"start":{"line":681,"column":43},"end":{"line":681,"column":63}}],"line":681},"51":{"loc":{"start":{"line":684,"column":36},"end":{"line":711,"column":37}},"type":"if","locations":[{"start":{"line":684,"column":36},"end":{"line":711,"column":37}},{"start":{},"end":{}}],"line":684},"52":{"loc":{"start":{"line":687,"column":40},"end":{"line":709,"column":41}},"type":"if","locations":[{"start":{"line":687,"column":40},"end":{"line":709,"column":41}},{"start":{"line":698,"column":47},"end":{"line":709,"column":41}}],"line":687},"53":{"loc":{"start":{"line":687,"column":44},"end":{"line":687,"column":122}},"type":"binary-expr","locations":[{"start":{"line":687,"column":44},"end":{"line":687,"column":85}},{"start":{"line":687,"column":89},"end":{"line":687,"column":122}}],"line":687},"54":{"loc":{"start":{"line":698,"column":47},"end":{"line":709,"column":41}},"type":"if","locations":[{"start":{"line":698,"column":47},"end":{"line":709,"column":41}},{"start":{},"end":{}}],"line":698},"55":{"loc":{"start":{"line":716,"column":60},"end":{"line":716,"column":87}},"type":"binary-expr","locations":[{"start":{"line":716,"column":60},"end":{"line":716,"column":74}},{"start":{"line":716,"column":78},"end":{"line":716,"column":87}}],"line":716},"56":{"loc":{"start":{"line":721,"column":36},"end":{"line":788,"column":37}},"type":"if","locations":[{"start":{"line":721,"column":36},"end":{"line":788,"column":37}},{"start":{},"end":{}}],"line":721},"57":{"loc":{"start":{"line":721,"column":40},"end":{"line":721,"column":67}},"type":"binary-expr","locations":[{"start":{"line":721,"column":40},"end":{"line":721,"column":54}},{"start":{"line":721,"column":58},"end":{"line":721,"column":67}}],"line":721},"58":{"loc":{"start":{"line":730,"column":48},"end":{"line":748,"column":49}},"type":"if","locations":[{"start":{"line":730,"column":48},"end":{"line":748,"column":49}},{"start":{},"end":{}}],"line":730},"59":{"loc":{"start":{"line":732,"column":67},"end":{"line":732,"column":104}},"type":"binary-expr","locations":[{"start":{"line":732,"column":67},"end":{"line":732,"column":89}},{"start":{"line":732,"column":93},"end":{"line":732,"column":104}}],"line":732},"60":{"loc":{"start":{"line":818,"column":8},"end":{"line":827,"column":9}},"type":"if","locations":[{"start":{"line":818,"column":8},"end":{"line":827,"column":9}},{"start":{"line":821,"column":15},"end":{"line":827,"column":9}}],"line":818},"61":{"loc":{"start":{"line":818,"column":12},"end":{"line":818,"column":112}},"type":"binary-expr","locations":[{"start":{"line":818,"column":12},"end":{"line":818,"column":38}},{"start":{"line":818,"column":42},"end":{"line":818,"column":71}},{"start":{"line":818,"column":75},"end":{"line":818,"column":112}}],"line":818},"62":{"loc":{"start":{"line":821,"column":15},"end":{"line":827,"column":9}},"type":"if","locations":[{"start":{"line":821,"column":15},"end":{"line":827,"column":9}},{"start":{"line":824,"column":15},"end":{"line":827,"column":9}}],"line":821},"63":{"loc":{"start":{"line":835,"column":25},"end":{"line":835,"column":60}},"type":"binary-expr","locations":[{"start":{"line":835,"column":25},"end":{"line":835,"column":45}},{"start":{"line":835,"column":49},"end":{"line":835,"column":60}}],"line":835},"64":{"loc":{"start":{"line":854,"column":25},"end":{"line":854,"column":60}},"type":"binary-expr","locations":[{"start":{"line":854,"column":25},"end":{"line":854,"column":45}},{"start":{"line":854,"column":49},"end":{"line":854,"column":60}}],"line":854},"65":{"loc":{"start":{"line":866,"column":8},"end":{"line":869,"column":9}},"type":"if","locations":[{"start":{"line":866,"column":8},"end":{"line":869,"column":9}},{"start":{},"end":{}}],"line":866},"66":{"loc":{"start":{"line":890,"column":12},"end":{"line":892,"column":13}},"type":"if","locations":[{"start":{"line":890,"column":12},"end":{"line":892,"column":13}},{"start":{},"end":{}}],"line":890},"67":{"loc":{"start":{"line":899,"column":8},"end":{"line":899,"column":51}},"type":"if","locations":[{"start":{"line":899,"column":8},"end":{"line":899,"column":51}},{"start":{},"end":{}}],"line":899},"68":{"loc":{"start":{"line":904,"column":0},"end":{"line":906,"column":1}},"type":"if","locations":[{"start":{"line":904,"column":0},"end":{"line":906,"column":1}},{"start":{},"end":{}}],"line":904}},"s":{"0":1,"1":1,"2":1,"3":1,"4":1,"5":1,"6":1,"7":1,"8":0,"9":0,"10":0,"11":0,"12":0,"13":0,"14":0,"15":0,"16":1,"17":1,"18":19,"19":19,"20":0,"21":0,"22":0,"23":0,"24":0,"25":1,"26":1,"27":1,"28":19,"29":19,"30":1,"31":11,"32":11,"33":1,"34":10,"35":10,"36":0,"37":0,"38":0,"39":0,"40":10,"41":10,"42":1,"43":3,"44":3,"45":3,"46":1,"47":2,"48":0,"49":0,"50":0,"51":0,"52":0,"53":0,"54":0,"55":0,"56":0,"57":0,"58":0,"59":0,"60":2,"61":2,"62":1,"63":3,"64":3,"65":3,"66":0,"67":3,"68":0,"69":0,"70":0,"71":0,"72":0,"73":0,"74":0,"75":0,"76":0,"77":3,"78":3,"79":1,"80":0,"81":0,"82":0,"83":0,"84":0,"85":0,"86":0,"87":0,"88":1,"89":0,"90":0,"91":0,"92":0,"93":0,"94":0,"95":0,"96":0,"97":0,"98":0,"99":0,"100":0,"101":0,"102":0,"103":0,"104":0,"105":0,"106":0,"107":0,"108":1,"109":0,"110":0,"111":0,"112":0,"113":0,"114":0,"115":1,"116":0,"117":0,"118":0,"119":0,"120":0,"121":0,"122":0,"123":0,"124":1,"125":0,"126":0,"127":0,"128":0,"129":0,"130":0,"131":0,"132":0,"133":0,"134":0,"135":1,"136":0,"137":0,"138":0,"139":0,"140":0,"141":0,"142":0,"143":0,"144":0,"145":0,"146":1,"147":0,"148":0,"149":0,"150":0,"151":0,"152":0,"153":0,"154":0,"155":1,"156":0,"157":0,"158":0,"159":0,"160":0,"161":0,"162":0,"163":0,"164":0,"165":0,"166":0,"167":0,"168":0,"169":0,"170":1,"171":0,"172":0,"173":0,"174":0,"175":0,"176":0,"177":0,"178":0,"179":0,"180":0,"181":0,"182":0,"183":0,"184":0,"185":0,"186":0,"187":0,"188":0,"189":0,"190":0,"191":0,"192":0,"193":0,"194":0,"195":1,"196":2,"197":2,"198":2,"199":2,"200":2,"201":2,"202":0,"203":0,"204":0,"205":0,"206":0,"207":0,"208":0,"209":0,"210":2,"211":2,"212":0,"213":2,"214":2,"215":0,"216":2,"217":2,"218":2,"219":2,"220":2,"221":2,"222":0,"223":0,"224":0,"225":2,"226":2,"227":0,"228":2,"229":2,"230":2,"231":2,"232":0,"233":0,"234":0,"235":0,"236":0,"237":0,"238":0,"239":0,"240":0,"241":0,"242":0,"243":0,"244":0,"245":0,"246":0,"247":0,"248":0,"249":0,"250":0,"251":0,"252":0,"253":0,"254":0,"255":0,"256":0,"257":0,"258":0,"259":0,"260":0,"261":0,"262":0,"263":0,"264":0,"265":0,"266":0,"267":0,"268":0,"269":0,"270":0,"271":0,"272":0,"273":0,"274":0,"275":0,"276":0,"277":0,"278":0,"279":0,"280":0,"281":2,"282":0,"283":0,"284":2,"285":0,"286":0,"287":2,"288":2,"289":2,"290":2,"291":2,"292":2,"293":2,"294":2,"295":0,"296":0,"297":0,"298":0,"299":0,"300":0,"301":0,"302":0,"303":0,"304":0,"305":0,"306":0,"307":0,"308":0,"309":0,"310":0,"311":0,"312":0,"313":0,"314":0,"315":0,"316":0,"317":0,"318":1,"319":0},"f":{"0":0,"1":19,"2":19,"3":11,"4":3,"5":3,"6":0,"7":0,"8":0,"9":0,"10":0,"11":0,"12":0,"13":0,"14":0,"15":2,"16":0,"17":0,"18":0,"19":0,"20":0,"21":0,"22":0,"23":0},"b":{"0":[1,0],"1":[1,0],"2":[19,0],"3":[0,0],"4":[1,10],"5":[0,0],"6":[1,2],"7":[3,3,2],"8":[0,0],"9":[0,3],"10":[3,3],"11":[0,0],"12":[0,0],"13":[0,0],"14":[0,0],"15":[0,0],"16":[0,0],"17":[0,0],"18":[0,0],"19":[0,0],"20":[0,0],"21":[0,0],"22":[0,0],"23":[0,0],"24":[0,0],"25":[0,0],"26":[0,0],"27":[0,0],"28":[0,0],"29":[0,0],"30":[0,0],"31":[0,0],"32":[0,0],"33":[0,0],"34":[0,0],"35":[0,0],"36":[0,2],"37":[0,0],"38":[0,2],"39":[2,2],"40":[0,2],"41":[2,0],"42":[2,0],"43":[0,0],"44":[0,0],"45":[2,0],"46":[0,2],"47":[2,0],"48":[0,0],"49":[0,0],"50":[0,0],"51":[0,0],"52":[0,0],"53":[0,0],"54":[0,0],"55":[0,0],"56":[0,0],"57":[0,0],"58":[0,0],"59":[0,0],"60":[0,2],"61":[2,2,2],"62":[0,2],"63":[2,2],"64":[0,0],"65":[0,0],"66":[0,0],"67":[0,0],"68":[0,1]},"_coverageSchema":"1a1c01bbd47fc00a2c39e90264f33305004495a9","hash":"08cc3cbb3c662e8f4bcf3841211e667eea2ec9eb"}
}
