TN:
SF:server.js
FN:25,connectToMongoDB
FN:60,(anonymous_1)
FN:80,(anonymous_2)
FN:86,(anonymous_3)
FN:122,(anonymous_4)
FN:192,(anonymous_5)
FN:251,(anonymous_6)
FN:270,(anonymous_7)
FN:314,(anonymous_8)
FN:333,(anonymous_9)
FN:357,(anonymous_10)
FN:395,(anonymous_11)
FN:425,(anonymous_12)
FN:450,(anonymous_13)
FN:498,(anonymous_14)
FN:563,(anonymous_15)
FN:662,(anonymous_16)
FN:671,(anonymous_17)
FN:728,(anonymous_18)
FN:811,(anonymous_19)
FN:816,(anonymous_20)
FN:867,startServer
FN:888,(anonymous_22)
FN:893,(anonymous_23)
FNF:24
FNH:0
FNDA:0,connectToMongoDB
FNDA:0,(anonymous_1)
FNDA:0,(anonymous_2)
FNDA:0,(anonymous_3)
FNDA:0,(anonymous_4)
FNDA:0,(anonymous_5)
FNDA:0,(anonymous_6)
FNDA:0,(anonymous_7)
FNDA:0,(anonymous_8)
FNDA:0,(anonymous_9)
FNDA:0,(anonymous_10)
FNDA:0,(anonymous_11)
FNDA:0,(anonymous_12)
FNDA:0,(anonymous_13)
FNDA:0,(anonymous_14)
FNDA:0,(anonymous_15)
FNDA:0,(anonymous_16)
FNDA:0,(anonymous_17)
FNDA:0,(anonymous_18)
FNDA:0,(anonymous_19)
FNDA:0,(anonymous_20)
FNDA:0,startServer
FNDA:0,(anonymous_22)
FNDA:0,(anonymous_23)
DA:10,0
DA:12,0
DA:13,0
DA:17,0
DA:18,0
DA:19,0
DA:20,0
DA:21,0
DA:26,0
DA:28,0
DA:38,0
DA:39,0
DA:40,0
DA:41,0
DA:43,0
DA:44,0
DA:49,0
DA:59,0
DA:62,0
DA:64,0
DA:65,0
DA:66,0
DA:67,0
DA:69,0
DA:76,0
DA:77,0
DA:80,0
DA:81,0
DA:82,0
DA:86,0
DA:87,0
DA:89,0
DA:90,0
DA:93,0
DA:95,0
DA:96,0
DA:97,0
DA:101,0
DA:103,0
DA:104,0
DA:108,0
DA:114,0
DA:116,0
DA:117,0
DA:122,0
DA:123,0
DA:124,0
DA:127,0
DA:128,0
DA:132,0
DA:136,0
DA:137,0
DA:141,0
DA:142,0
DA:145,0
DA:146,0
DA:148,0
DA:159,0
DA:162,0
DA:163,0
DA:172,0
DA:175,0
DA:186,0
DA:187,0
DA:192,0
DA:193,0
DA:194,0
DA:197,0
DA:198,0
DA:202,0
DA:204,0
DA:205,0
DA:209,0
DA:211,0
DA:212,0
DA:216,0
DA:219,0
DA:230,0
DA:233,0
DA:245,0
DA:246,0
DA:251,0
DA:252,0
DA:253,0
DA:256,0
DA:258,0
DA:259,0
DA:262,0
DA:265,0
DA:266,0
DA:270,0
DA:271,0
DA:272,0
DA:273,0
DA:276,0
DA:277,0
DA:278,0
DA:279,0
DA:282,0
DA:287,0
DA:289,0
DA:290,0
DA:299,0
DA:300,0
DA:304,0
DA:305,0
DA:308,0
DA:309,0
DA:314,0
DA:315,0
DA:316,0
DA:319,0
DA:324,0
DA:327,0
DA:328,0
DA:333,0
DA:334,0
DA:335,0
DA:338,0
DA:341,0
DA:342,0
DA:349,0
DA:352,0
DA:353,0
DA:357,0
DA:358,0
DA:359,0
DA:360,0
DA:363,0
DA:364,0
DA:373,0
DA:376,0
DA:387,0
DA:390,0
DA:391,0
DA:395,0
DA:396,0
DA:397,0
DA:398,0
DA:401,0
DA:406,0
DA:407,0
DA:411,0
DA:416,0
DA:419,0
DA:420,0
DA:425,0
DA:426,0
DA:427,0
DA:429,0
DA:432,0
DA:436,0
DA:439,0
DA:445,0
DA:446,0
DA:450,0
DA:451,0
DA:452,0
DA:453,0
DA:454,0
DA:457,0
DA:462,0
DA:463,0
DA:467,0
DA:468,0
DA:476,0
DA:479,0
DA:489,0
DA:492,0
DA:493,0
DA:498,0
DA:499,0
DA:500,0
DA:501,0
DA:504,0
DA:506,0
DA:507,0
DA:511,0
DA:514,0
DA:516,0
DA:517,0
DA:518,0
DA:520,0
DA:524,0
DA:526,0
DA:528,0
DA:529,0
DA:533,0
DA:534,0
DA:538,0
DA:539,0
DA:546,0
DA:551,0
DA:557,0
DA:558,0
DA:563,0
DA:564,0
DA:565,0
DA:568,0
DA:569,0
DA:570,0
DA:573,0
DA:574,0
DA:575,0
DA:576,0
DA:578,0
DA:590,0
DA:591,0
DA:592,0
DA:594,0
DA:600,0
DA:601,0
DA:602,0
DA:606,0
DA:607,0
DA:608,0
DA:614,0
DA:617,0
DA:623,0
DA:626,0
DA:627,0
DA:629,0
DA:630,0
DA:631,0
DA:632,0
DA:635,0
DA:640,0
DA:662,0
DA:665,0
DA:667,0
DA:668,0
DA:671,0
DA:672,0
DA:673,0
DA:677,0
DA:678,0
DA:679,0
DA:682,0
DA:684,0
DA:685,0
DA:686,0
DA:687,0
DA:688,0
DA:689,0
DA:690,0
DA:691,0
DA:693,0
DA:694,0
DA:695,0
DA:702,0
DA:703,0
DA:704,0
DA:706,0
DA:713,0
DA:714,0
DA:718,0
DA:719,0
DA:727,0
DA:728,0
DA:729,0
DA:731,0
DA:732,0
DA:733,0
DA:736,0
DA:737,0
DA:738,0
DA:741,0
DA:752,0
DA:753,0
DA:757,0
DA:784,0
DA:791,0
DA:800,0
DA:807,0
DA:811,0
DA:812,0
DA:813,0
DA:816,0
DA:817,0
DA:818,0
DA:819,0
DA:824,0
DA:825,0
DA:826,0
DA:827,0
DA:828,0
DA:829,0
DA:831,0
DA:832,0
DA:836,0
DA:838,0
DA:843,0
DA:852,0
DA:853,0
DA:854,0
DA:857,0
DA:869,0
DA:871,0
DA:872,0
DA:873,0
DA:874,0
DA:877,0
DA:879,0
DA:881,0
DA:882,0
DA:883,0
DA:886,0
DA:888,0
DA:889,0
DA:893,0
DA:894,0
DA:896,0
DA:897,0
DA:900,0
DA:904,0
DA:905,0
DA:906,0
DA:910,0
DA:911,0
LF:319
LH:0
BRDA:13,0,0,0
BRDA:13,0,1,0
BRDA:20,1,0,0
BRDA:20,1,1,0
BRDA:62,2,0,0
BRDA:62,2,1,0
BRDA:64,3,0,0
BRDA:64,3,1,0
BRDA:89,4,0,0
BRDA:89,4,1,0
BRDA:95,5,0,0
BRDA:95,5,1,0
BRDA:103,6,0,0
BRDA:103,6,1,0
BRDA:127,7,0,0
BRDA:127,7,1,0
BRDA:127,8,0,0
BRDA:127,8,1,0
BRDA:127,8,2,0
BRDA:136,9,0,0
BRDA:136,9,1,0
BRDA:197,10,0,0
BRDA:197,10,1,0
BRDA:197,11,0,0
BRDA:197,11,1,0
BRDA:204,12,0,0
BRDA:204,12,1,0
BRDA:211,13,0,0
BRDA:211,13,1,0
BRDA:240,14,0,0
BRDA:240,14,1,0
BRDA:258,15,0,0
BRDA:258,15,1,0
BRDA:277,16,0,0
BRDA:277,16,1,0
BRDA:278,17,0,0
BRDA:278,17,1,0
BRDA:287,18,0,0
BRDA:287,18,1,0
BRDA:293,19,0,0
BRDA:293,19,1,0
BRDA:294,20,0,0
BRDA:294,20,1,0
BRDA:341,21,0,0
BRDA:341,21,1,0
BRDA:367,22,0,0
BRDA:367,22,1,0
BRDA:368,23,0,0
BRDA:368,23,1,0
BRDA:406,24,0,0
BRDA:406,24,1,0
BRDA:462,25,0,0
BRDA:462,25,1,0
BRDA:473,26,0,0
BRDA:473,26,1,0
BRDA:483,27,0,0
BRDA:483,27,1,0
BRDA:506,28,0,0
BRDA:506,28,1,0
BRDA:514,29,0,0
BRDA:514,29,1,0
BRDA:514,30,0,0
BRDA:514,30,1,0
BRDA:517,31,0,0
BRDA:517,31,1,0
BRDA:517,32,0,0
BRDA:517,32,1,0
BRDA:524,33,0,0
BRDA:524,33,1,0
BRDA:524,34,0,0
BRDA:524,34,1,0
BRDA:528,35,0,0
BRDA:528,35,1,0
BRDA:538,36,0,0
BRDA:538,36,1,0
BRDA:573,37,0,0
BRDA:573,37,1,0
BRDA:576,38,0,0
BRDA:576,38,1,0
BRDA:601,39,0,0
BRDA:601,39,1,0
BRDA:601,40,0,0
BRDA:601,40,1,0
BRDA:607,41,0,0
BRDA:607,41,1,0
BRDA:619,42,0,0
BRDA:619,42,1,0
BRDA:626,43,0,0
BRDA:626,43,1,0
BRDA:630,44,0,0
BRDA:630,44,1,0
BRDA:630,45,0,0
BRDA:630,45,1,0
BRDA:647,46,0,0
BRDA:647,46,1,0
BRDA:651,47,0,0
BRDA:651,47,1,0
BRDA:652,48,0,0
BRDA:652,48,1,0
BRDA:685,49,0,0
BRDA:685,49,1,0
BRDA:687,50,0,0
BRDA:687,50,1,0
BRDA:687,51,0,0
BRDA:687,51,1,0
BRDA:690,52,0,0
BRDA:690,52,1,0
BRDA:693,53,0,0
BRDA:693,53,1,0
BRDA:693,54,0,0
BRDA:693,54,1,0
BRDA:704,55,0,0
BRDA:704,55,1,0
BRDA:722,56,0,0
BRDA:722,56,1,0
BRDA:727,57,0,0
BRDA:727,57,1,0
BRDA:727,58,0,0
BRDA:727,58,1,0
BRDA:736,59,0,0
BRDA:736,59,1,0
BRDA:738,60,0,0
BRDA:738,60,1,0
BRDA:824,61,0,0
BRDA:824,61,1,0
BRDA:824,62,0,0
BRDA:824,62,1,0
BRDA:824,62,2,0
BRDA:827,63,0,0
BRDA:827,63,1,0
BRDA:841,64,0,0
BRDA:841,64,1,0
BRDA:860,65,0,0
BRDA:860,65,1,0
BRDA:872,66,0,0
BRDA:872,66,1,0
BRDA:896,67,0,0
BRDA:896,67,1,0
BRDA:905,68,0,0
BRDA:905,68,1,0
BRDA:910,69,0,0
BRDA:910,69,1,0
BRF:142
BRH:0
end_of_record
