TN:
SF:server.js
FN:25,connectToMongoDB
FN:60,(anonymous_1)
FN:79,(anonymous_2)
FN:92,(anonymous_3)
FN:98,(anonymous_4)
FN:141,(anonymous_5)
FN:155,(anonymous_6)
FN:172,(anonymous_7)
FN:188,(anonymous_8)
FN:214,(anonymous_9)
FN:262,(anonymous_10)
FN:281,(anonymous_11)
FN:317,(anonymous_12)
FN:378,(anonymous_13)
FN:464,(anonymous_14)
FN:484,(anonymous_15)
FN:530,(anonymous_16)
FN:583,(anonymous_17)
FN:634,(anonymous_18)
FN:702,(anonymous_19)
FN:767,(anonymous_20)
FN:814,(anonymous_21)
FN:828,(anonymous_22)
FN:842,(anonymous_23)
FN:899,(anonymous_24)
FN:922,(anonymous_25)
FN:948,(anonymous_26)
FN:999,startServer
FN:1020,(anonymous_28)
FN:1025,(anonymous_29)
FNF:30
FNH:0
FNDA:0,connectToMongoDB
FNDA:0,(anonymous_1)
FNDA:0,(anonymous_2)
FNDA:0,(anonymous_3)
FNDA:0,(anonymous_4)
FNDA:0,(anonymous_5)
FNDA:0,(anonymous_6)
FNDA:0,(anonymous_7)
FNDA:0,(anonymous_8)
FNDA:0,(anonymous_9)
FNDA:0,(anonymous_10)
FNDA:0,(anonymous_11)
FNDA:0,(anonymous_12)
FNDA:0,(anonymous_13)
FNDA:0,(anonymous_14)
FNDA:0,(anonymous_15)
FNDA:0,(anonymous_16)
FNDA:0,(anonymous_17)
FNDA:0,(anonymous_18)
FNDA:0,(anonymous_19)
FNDA:0,(anonymous_20)
FNDA:0,(anonymous_21)
FNDA:0,(anonymous_22)
FNDA:0,(anonymous_23)
FNDA:0,(anonymous_24)
FNDA:0,(anonymous_25)
FNDA:0,(anonymous_26)
FNDA:0,startServer
FNDA:0,(anonymous_28)
FNDA:0,(anonymous_29)
DA:10,0
DA:12,0
DA:13,0
DA:17,0
DA:18,0
DA:19,0
DA:20,0
DA:21,0
DA:26,0
DA:28,0
DA:38,0
DA:39,0
DA:40,0
DA:41,0
DA:43,0
DA:44,0
DA:49,0
DA:59,0
DA:62,0
DA:64,0
DA:65,0
DA:66,0
DA:67,0
DA:69,0
DA:76,0
DA:79,0
DA:81,0
DA:82,0
DA:83,0
DA:84,0
DA:86,0
DA:89,0
DA:92,0
DA:93,0
DA:94,0
DA:98,0
DA:99,0
DA:100,0
DA:101,0
DA:104,0
DA:106,0
DA:107,0
DA:108,0
DA:112,0
DA:114,0
DA:115,0
DA:119,0
DA:125,0
DA:127,0
DA:128,0
DA:141,0
DA:142,0
DA:143,0
DA:144,0
DA:147,0
DA:152,0
DA:155,0
DA:163,0
DA:166,0
DA:167,0
DA:172,0
DA:173,0
DA:174,0
DA:175,0
DA:177,0
DA:178,0
DA:181,0
DA:184,0
DA:187,0
DA:188,0
DA:198,0
DA:199,0
DA:202,0
DA:208,0
DA:209,0
DA:214,0
DA:215,0
DA:216,0
DA:217,0
DA:219,0
DA:229,0
DA:230,0
DA:233,0
DA:245,0
DA:253,0
DA:256,0
DA:257,0
DA:262,0
DA:263,0
DA:264,0
DA:266,0
DA:267,0
DA:269,0
DA:275,0
DA:276,0
DA:281,0
DA:282,0
DA:283,0
DA:284,0
DA:286,0
DA:289,0
DA:294,0
DA:295,0
DA:299,0
DA:307,0
DA:308,0
DA:311,0
DA:312,0
DA:317,0
DA:318,0
DA:319,0
DA:322,0
DA:323,0
DA:327,0
DA:331,0
DA:332,0
DA:336,0
DA:337,0
DA:340,0
DA:341,0
DA:343,0
DA:354,0
DA:358,0
DA:361,0
DA:372,0
DA:373,0
DA:378,0
DA:379,0
DA:380,0
DA:383,0
DA:384,0
DA:388,0
DA:390,0
DA:391,0
DA:395,0
DA:397,0
DA:398,0
DA:402,0
DA:405,0
DA:416,0
DA:419,0
DA:420,0
DA:422,0
DA:431,0
DA:432,0
DA:433,0
DA:434,0
DA:436,0
DA:438,0
DA:443,0
DA:455,0
DA:456,0
DA:464,0
DA:465,0
DA:466,0
DA:469,0
DA:471,0
DA:472,0
DA:475,0
DA:478,0
DA:479,0
DA:484,0
DA:485,0
DA:486,0
DA:487,0
DA:490,0
DA:491,0
DA:492,0
DA:498,0
DA:499,0
DA:505,0
DA:514,0
DA:516,0
DA:517,0
DA:519,0
DA:525,0
DA:526,0
DA:530,0
DA:531,0
DA:532,0
DA:533,0
DA:536,0
DA:537,0
DA:543,0
DA:544,0
DA:550,0
DA:553,0
DA:565,0
DA:566,0
DA:572,0
DA:573,0
DA:576,0
DA:577,0
DA:583,0
DA:584,0
DA:585,0
DA:586,0
DA:587,0
DA:590,0
DA:595,0
DA:596,0
DA:600,0
DA:601,0
DA:609,0
DA:612,0
DA:622,0
DA:625,0
DA:626,0
DA:634,0
DA:635,0
DA:636,0
DA:637,0
DA:640,0
DA:642,0
DA:643,0
DA:647,0
DA:650,0
DA:652,0
DA:653,0
DA:654,0
DA:656,0
DA:660,0
DA:662,0
DA:664,0
DA:665,0
DA:669,0
DA:670,0
DA:674,0
DA:675,0
DA:682,0
DA:687,0
DA:693,0
DA:694,0
DA:702,0
DA:703,0
DA:704,0
DA:707,0
DA:708,0
DA:709,0
DA:712,0
DA:713,0
DA:714,0
DA:715,0
DA:717,0
DA:729,0
DA:730,0
DA:731,0
DA:733,0
DA:739,0
DA:740,0
DA:741,0
DA:745,0
DA:746,0
DA:747,0
DA:750,0
DA:753,0
DA:756,0
DA:762,0
DA:763,0
DA:764,0
DA:765,0
DA:766,0
DA:767,0
DA:774,0
DA:780,0
DA:781,0
DA:783,0
DA:784,0
DA:785,0
DA:786,0
DA:789,0
DA:794,0
DA:814,0
DA:817,0
DA:819,0
DA:820,0
DA:821,0
DA:824,0
DA:825,0
DA:828,0
DA:829,0
DA:830,0
DA:831,0
DA:832,0
DA:834,0
DA:836,0
DA:837,0
DA:842,0
DA:843,0
DA:844,0
DA:848,0
DA:849,0
DA:850,0
DA:853,0
DA:855,0
DA:856,0
DA:857,0
DA:858,0
DA:859,0
DA:860,0
DA:861,0
DA:862,0
DA:864,0
DA:865,0
DA:866,0
DA:873,0
DA:874,0
DA:875,0
DA:877,0
DA:884,0
DA:885,0
DA:889,0
DA:890,0
DA:898,0
DA:899,0
DA:900,0
DA:901,0
DA:906,0
DA:911,0
DA:918,0
DA:922,0
DA:923,0
DA:924,0
DA:927,0
DA:928,0
DA:929,0
DA:945,0
DA:948,0
DA:949,0
DA:950,0
DA:951,0
DA:956,0
DA:957,0
DA:958,0
DA:959,0
DA:960,0
DA:961,0
DA:963,0
DA:964,0
DA:968,0
DA:970,0
DA:975,0
DA:984,0
DA:985,0
DA:986,0
DA:989,0
DA:1001,0
DA:1003,0
DA:1004,0
DA:1005,0
DA:1006,0
DA:1009,0
DA:1011,0
DA:1013,0
DA:1014,0
DA:1015,0
DA:1018,0
DA:1020,0
DA:1021,0
DA:1025,0
DA:1026,0
DA:1028,0
DA:1029,0
DA:1032,0
DA:1036,0
DA:1037,0
DA:1038,0
DA:1042,0
DA:1043,0
LF:369
LH:0
BRDA:13,0,0,0
BRDA:13,0,1,0
BRDA:20,1,0,0
BRDA:20,1,1,0
BRDA:62,2,0,0
BRDA:62,2,1,0
BRDA:64,3,0,0
BRDA:64,3,1,0
BRDA:81,4,0,0
BRDA:81,4,1,0
BRDA:81,5,0,0
BRDA:81,5,1,0
BRDA:100,6,0,0
BRDA:100,6,1,0
BRDA:106,7,0,0
BRDA:106,7,1,0
BRDA:114,8,0,0
BRDA:114,8,1,0
BRDA:157,9,0,0
BRDA:157,9,1,0
BRDA:158,10,0,0
BRDA:158,10,1,0
BRDA:160,11,0,0
BRDA:160,11,1,0
BRDA:177,12,0,0
BRDA:177,12,1,0
BRDA:187,13,0,0
BRDA:187,13,1,0
BRDA:191,14,0,0
BRDA:191,14,1,0
BRDA:192,15,0,0
BRDA:192,15,1,0
BRDA:193,16,0,0
BRDA:193,16,1,0
BRDA:194,17,0,0
BRDA:194,17,1,0
BRDA:217,18,0,0
BRDA:222,19,0,0
BRDA:222,19,1,0
BRDA:223,20,0,0
BRDA:223,20,1,0
BRDA:294,21,0,0
BRDA:294,21,1,0
BRDA:301,22,0,0
BRDA:301,22,1,0
BRDA:302,23,0,0
BRDA:302,23,1,0
BRDA:304,24,0,0
BRDA:304,24,1,0
BRDA:322,25,0,0
BRDA:322,25,1,0
BRDA:322,26,0,0
BRDA:322,26,1,0
BRDA:322,26,2,0
BRDA:331,27,0,0
BRDA:331,27,1,0
BRDA:383,28,0,0
BRDA:383,28,1,0
BRDA:383,29,0,0
BRDA:383,29,1,0
BRDA:390,30,0,0
BRDA:390,30,1,0
BRDA:397,31,0,0
BRDA:397,31,1,0
BRDA:419,32,0,0
BRDA:419,32,1,0
BRDA:471,33,0,0
BRDA:471,33,1,0
BRDA:487,34,0,0
BRDA:487,35,0,0
BRDA:491,36,0,0
BRDA:491,36,1,0
BRDA:498,37,0,0
BRDA:498,37,1,0
BRDA:536,38,0,0
BRDA:536,38,1,0
BRDA:543,39,0,0
BRDA:543,39,1,0
BRDA:558,40,0,0
BRDA:558,40,1,0
BRDA:565,41,0,0
BRDA:565,41,1,0
BRDA:595,42,0,0
BRDA:595,42,1,0
BRDA:606,43,0,0
BRDA:606,43,1,0
BRDA:616,44,0,0
BRDA:616,44,1,0
BRDA:642,45,0,0
BRDA:642,45,1,0
BRDA:650,46,0,0
BRDA:650,46,1,0
BRDA:650,47,0,0
BRDA:650,47,1,0
BRDA:653,48,0,0
BRDA:653,48,1,0
BRDA:653,49,0,0
BRDA:653,49,1,0
BRDA:660,50,0,0
BRDA:660,50,1,0
BRDA:660,51,0,0
BRDA:660,51,1,0
BRDA:664,52,0,0
BRDA:664,52,1,0
BRDA:674,53,0,0
BRDA:674,53,1,0
BRDA:712,54,0,0
BRDA:712,54,1,0
BRDA:715,55,0,0
BRDA:715,55,1,0
BRDA:740,56,0,0
BRDA:740,56,1,0
BRDA:740,57,0,0
BRDA:740,57,1,0
BRDA:746,58,0,0
BRDA:746,58,1,0
BRDA:758,59,0,0
BRDA:758,59,1,0
BRDA:764,60,0,0
BRDA:764,60,1,0
BRDA:766,61,0,0
BRDA:766,61,1,0
BRDA:766,62,0,0
BRDA:766,62,1,0
BRDA:780,63,0,0
BRDA:780,63,1,0
BRDA:784,64,0,0
BRDA:784,64,1,0
BRDA:784,65,0,0
BRDA:784,65,1,0
BRDA:800,66,0,0
BRDA:800,66,1,0
BRDA:803,67,0,0
BRDA:803,67,1,0
BRDA:804,68,0,0
BRDA:804,68,1,0
BRDA:832,69,0,0
BRDA:832,69,1,0
BRDA:836,70,0,0
BRDA:836,70,1,0
BRDA:856,71,0,0
BRDA:856,71,1,0
BRDA:858,72,0,0
BRDA:858,72,1,0
BRDA:858,73,0,0
BRDA:858,73,1,0
BRDA:861,74,0,0
BRDA:861,74,1,0
BRDA:864,75,0,0
BRDA:864,75,1,0
BRDA:864,76,0,0
BRDA:864,76,1,0
BRDA:875,77,0,0
BRDA:875,77,1,0
BRDA:893,78,0,0
BRDA:893,78,1,0
BRDA:898,79,0,0
BRDA:898,79,1,0
BRDA:898,80,0,0
BRDA:898,80,1,0
BRDA:898,80,2,0
BRDA:928,81,0,0
BRDA:928,81,1,0
BRDA:928,82,0,0
BRDA:928,82,1,0
BRDA:956,83,0,0
BRDA:956,83,1,0
BRDA:956,84,0,0
BRDA:956,84,1,0
BRDA:956,84,2,0
BRDA:959,85,0,0
BRDA:959,85,1,0
BRDA:973,86,0,0
BRDA:973,86,1,0
BRDA:992,87,0,0
BRDA:992,87,1,0
BRDA:1004,88,0,0
BRDA:1004,88,1,0
BRDA:1028,89,0,0
BRDA:1028,89,1,0
BRDA:1037,90,0,0
BRDA:1037,90,1,0
BRDA:1042,91,0,0
BRDA:1042,91,1,0
BRF:184
BRH:0
end_of_record
